<?xml version="1.0" encoding="UTF-8"?>
<!-- Generated by org.testng.reporters.JUnitReportReporter -->
<testsuite hostname="DESKTOP-RBRO6UP" failures="0" tests="5" name="webdriver_new.class1" time="0.313" errors="0" timestamp="03 Jun 2022 09:18:22 GMT" skipped="4">
  <testcase classname="webdriver_new.class1" name="testcase6" time="0.313"/>
  <testcase classname="webdriver_new.class1" name="testcase1">
    <skipped/>
  </testcase> <!-- testcase1 -->
  <testcase classname="webdriver_new.class1" name="testcase4">
    <skipped/>
  </testcase> <!-- testcase4 -->
  <testcase classname="webdriver_new.class1" name="testcase5">
    <skipped/>
  </testcase> <!-- testcase5 -->
  <testcase classname="webdriver_new.class1" name="testcase2">
    <skipped/>
  </testcase> <!-- testcase2 -->
</testsuite> <!-- webdriver_new.class1 -->
