<?xml version="1.0" encoding="UTF-8"?>
<!-- Generated by org.testng.reporters.JUnitReportReporter -->
<testsuite hostname="DESKTOP-RBRO6UP" failures="0" tests="2" name="webdriver_new.diffrent_xpath" time="0.760" errors="0" timestamp="11 Jun 2022 22:47:39 GMT" skipped="0">
  <testcase classname="webdriver_new.diffrent_xpath" name="testcase1" time="0.759"/>
  <testcase classname="webdriver_new.diffrent_xpath" name="testcase2" time="0.001"/>
</testsuite> <!-- webdriver_new.diffrent_xpath -->
