<?xml version="1.0" encoding="UTF-8"?>
<!-- Generated by org.testng.reporters.JUnitReportReporter -->
<testsuite hostname="DESKTOP-RBRO6UP" failures="0" tests="1" name="webdriver_new.flipkart" time="28.150" errors="0" timestamp="25 Jun 2022 09:09:07 GMT" skipped="0">
  <testcase classname="webdriver_new.flipkart" name="testcase1" time="28.150"/>
</testsuite> <!-- webdriver_new.flipkart -->
