<?xml version="1.0" encoding="UTF-8"?>
<!-- Generated by org.testng.reporters.JUnitReportReporter -->
<testsuite hostname="DESKTOP-RBRO6UP" failures="0" tests="1" name="missc.handling_https_certificate" time="0.039" errors="0" timestamp="05 Jun 2022 22:26:51 GMT" skipped="0">
  <testcase classname="missc.handling_https_certificate" name="testcase1" time="0.039"/>
</testsuite> <!-- missc.handling_https_certificate -->
