<?xml version="1.0" encoding="UTF-8"?>
<!-- Generated by org.testng.reporters.JUnitReportReporter -->
<testsuite hostname="DESKTOP-RBRO6UP" failures="0" tests="7" name="stream.concept" time="0.013" errors="1" timestamp="21 Jun 2022 15:04:34 GMT" skipped="6">
  <testcase classname="stream.concept" name="testcase7" time="0.013">
    <error message="Unresolved compilation problems: 
	References to interface static methods are allowed only at source level 1.8 or above
	Lambda expressions are allowed only at source level 1.8 or above
	Lambda expressions are allowed only at source level 1.8 or above
" type="java.lang.Error">
      <![CDATA[java.lang.Error: Unresolved compilation problems: 
References to interface static methods are allowed only at source level 1.8 or above
Lambda expressions are allowed only at source level 1.8 or above
Lambda expressions are allowed only at source level 1.8 or above

at stream.concept.testcase7(concept.java:93)
at java.base/jdk.internal.reflect.NativeMethodAccessorImpl.invoke0(Native Method)
at java.base/jdk.internal.reflect.NativeMethodAccessorImpl.invoke(NativeMethodAccessorImpl.java:77)
at java.base/jdk.internal.reflect.DelegatingMethodAccessorImpl.invoke(DelegatingMethodAccessorImpl.java:43)
at java.base/java.lang.reflect.Method.invoke(Method.java:568)
at org.testng.internal.MethodInvocationHelper.invokeMethod(MethodInvocationHelper.java:124)
at org.testng.internal.Invoker.invokeMethod(Invoker.java:583)
at org.testng.internal.Invoker.invokeTestMethod(Invoker.java:719)
at org.testng.internal.Invoker.invokeTestMethods(Invoker.java:989)
at org.testng.internal.TestMethodWorker.invokeTestMethods(TestMethodWorker.java:125)
at org.testng.internal.TestMethodWorker.run(TestMethodWorker.java:109)
at org.testng.TestRunner.privateRun(TestRunner.java:648)
at org.testng.TestRunner.run(TestRunner.java:505)
at org.testng.SuiteRunner.runTest(SuiteRunner.java:455)
at org.testng.SuiteRunner.runSequentially(SuiteRunner.java:450)
at org.testng.SuiteRunner.privateRun(SuiteRunner.java:415)
at org.testng.SuiteRunner.run(SuiteRunner.java:364)
at org.testng.SuiteRunnerWorker.runSuite(SuiteRunnerWorker.java:52)
at org.testng.SuiteRunnerWorker.run(SuiteRunnerWorker.java:84)
at org.testng.TestNG.runSuitesSequentially(TestNG.java:1208)
at org.testng.TestNG.runSuitesLocally(TestNG.java:1137)
at org.testng.TestNG.runSuites(TestNG.java:1049)
at org.testng.TestNG.run(TestNG.java:1017)
at org.testng.remote.AbstractRemoteTestNG.run(AbstractRemoteTestNG.java:115)
at org.testng.remote.RemoteTestNG.initAndRun(RemoteTestNG.java:251)
at org.testng.remote.RemoteTestNG.main(RemoteTestNG.java:77)
]]>
    </error>
  </testcase> <!-- testcase7 -->
  <testcase classname="stream.concept" name="testcase2">
    <skipped/>
  </testcase> <!-- testcase2 -->
  <testcase classname="stream.concept" name="testcase5">
    <skipped/>
  </testcase> <!-- testcase5 -->
  <testcase classname="stream.concept" name="testcase4">
    <skipped/>
  </testcase> <!-- testcase4 -->
  <testcase classname="stream.concept" name="testcase6">
    <skipped/>
  </testcase> <!-- testcase6 -->
  <testcase classname="stream.concept" name="testcase3">
    <skipped/>
  </testcase> <!-- testcase3 -->
  <testcase classname="stream.concept" name="testcase1">
    <skipped/>
  </testcase> <!-- testcase1 -->
</testsuite> <!-- stream.concept -->
