<?xml version="1.0" encoding="UTF-8"?>
<!-- Generated by org.testng.reporters.JUnitReportReporter -->
<testsuite hostname="DESKTOP-RBRO6UP" failures="0" tests="1" name="missc.popup_blocker" time="0.008" errors="0" timestamp="05 Jun 2022 22:47:36 GMT" skipped="0">
  <testcase classname="missc.popup_blocker" name="testcase1" time="0.008"/>
</testsuite> <!-- missc.popup_blocker -->
