<?xml version="1.0" encoding="UTF-8"?>
<!-- Generated by org.testng.reporters.JUnitReportReporter -->
<testsuite hostname="DESKTOP-RBRO6UP" failures="0" tests="1" name="webdriver_new.parent_to_child_itterator" time="2.538" errors="0" timestamp="04 Jun 2022 19:54:05 GMT" skipped="0">
  <testcase classname="webdriver_new.parent_to_child_itterator" name="testcase1" time="2.538"/>
</testsuite> <!-- webdriver_new.parent_to_child_itterator -->
