<?xml version="1.0" encoding="UTF-8"?>
<!-- Generated by org.testng.reporters.JUnitReportReporter -->
<testsuite hostname="DESKTOP-RBRO6UP" failures="0" tests="1" name="webdriver_new.frames" time="10.093" errors="0" timestamp="09 Jun 2022 08:35:08 GMT" skipped="0">
  <testcase classname="webdriver_new.frames" name="testcase1" time="10.093"/>
</testsuite> <!-- webdriver_new.frames -->
