<?xml version="1.0" encoding="UTF-8"?>
<!-- Generated by org.testng.reporters.JUnitReportReporter -->
<testsuite hostname="DESKTOP-RBRO6UP" failures="0" tests="1" name="missc.brokenlink" time="6.336" errors="0" timestamp="08 Jun 2022 12:54:04 GMT" skipped="0">
  <testcase classname="missc.brokenlink" name="testcase2" time="6.336"/>
</testsuite> <!-- missc.brokenlink -->
