<?xml version="1.0" encoding="UTF-8"?>
<!-- Generated by org.testng.reporters.JUnitReportReporter -->
<testsuite hostname="DESKTOP-RBRO6UP" failures="0" tests="4" name="webdriver_new.drop_down" time="0.444" errors="0" timestamp="04 Jun 2022 13:18:56 GMT" skipped="3">
  <testcase classname="webdriver_new.drop_down" name="testcase6" time="0.444"/>
  <testcase classname="webdriver_new.drop_down" name="testcase2">
    <skipped/>
  </testcase> <!-- testcase2 -->
  <testcase classname="webdriver_new.drop_down" name="testcase4">
    <skipped/>
  </testcase> <!-- testcase4 -->
  <testcase classname="webdriver_new.drop_down" name="testcase1">
    <skipped/>
  </testcase> <!-- testcase1 -->
</testsuite> <!-- webdriver_new.drop_down -->
