<?xml version="1.0" encoding="UTF-8"?>
<!-- Generated by org.testng.reporters.JUnitReportReporter -->
<testsuite hostname="DESKTOP-RBRO6UP" failures="0" tests="2" name="webdriver_new.limiting_scope_of_webdriver" time="0.455" errors="0" timestamp="05 Jun 2022 20:28:13 GMT" skipped="0">
  <testcase classname="webdriver_new.limiting_scope_of_webdriver" name="testcase1" time="0.368"/>
  <testcase classname="webdriver_new.limiting_scope_of_webdriver" name="testcase2" time="0.087"/>
</testsuite> <!-- webdriver_new.limiting_scope_of_webdriver -->
