<?xml version="1.0" encoding="UTF-8"?>
<!-- Generated by org.testng.reporters.JUnitReportReporter -->
<testsuite hostname="DESKTOP-RBRO6UP" failures="0" tests="1" name="missc.taking_screenshot" time="0.317" errors="0" timestamp="05 Jun 2022 23:13:02 GMT" skipped="0">
  <testcase classname="missc.taking_screenshot" name="testcase1" time="0.317"/>
</testsuite> <!-- missc.taking_screenshot -->
