<?xml version="1.0" encoding="UTF-8"?>
<!-- Generated by org.testng.reporters.JUnitReportReporter -->
<testsuite hostname="DESKTOP-RBRO6UP" failures="0" tests="1" name="javascript_exe.scroll" time="3.351" errors="0" timestamp="05 Jun 2022 22:01:18 GMT" skipped="0">
  <testcase classname="javascript_exe.scroll" name="testcase1" time="3.351"/>
</testsuite> <!-- javascript_exe.scroll -->
