<?xml version="1.0" encoding="UTF-8"?>
<!-- Generated by org.testng.reporters.JUnitReportReporter -->
<testsuite hostname="DESKTOP-RBRO6UP" failures="0" tests="1" name="webdriver_new.composit_actions" time="1.217" errors="0" timestamp="04 Jun 2022 16:35:27 GMT" skipped="0">
  <testcase classname="webdriver_new.composit_actions" name="testcase1" time="1.217"/>
</testsuite> <!-- webdriver_new.composit_actions -->
