<?xml version="1.0" encoding="UTF-8"?>
<!-- Generated by org.testng.reporters.JUnitReportReporter -->
<testsuite hostname="DESKTOP-RBRO6UP" failures="0" tests="9" name="webdriver_new.Simple_commands" time="0.007" errors="0" timestamp="11 May 2022 11:40:43 GMT" skipped="8">
  <testcase classname="webdriver_new.Simple_commands" name="testcase9" time="0.007"/>
  <testcase classname="webdriver_new.Simple_commands" name="TestCase2">
    <skipped/>
  </testcase> <!-- TestCase2 -->
  <testcase classname="webdriver_new.Simple_commands" name="testcase5">
    <skipped/>
  </testcase> <!-- testcase5 -->
  <testcase classname="webdriver_new.Simple_commands" name="testcase3">
    <skipped/>
  </testcase> <!-- testcase3 -->
  <testcase classname="webdriver_new.Simple_commands" name="testcase4">
    <skipped/>
  </testcase> <!-- testcase4 -->
  <testcase classname="webdriver_new.Simple_commands" name="testcase7">
    <skipped/>
  </testcase> <!-- testcase7 -->
  <testcase classname="webdriver_new.Simple_commands" name="TestCase1">
    <skipped/>
  </testcase> <!-- TestCase1 -->
  <testcase classname="webdriver_new.Simple_commands" name="testcase8">
    <skipped/>
  </testcase> <!-- testcase8 -->
  <testcase classname="webdriver_new.Simple_commands" name="testcase6">
    <skipped/>
  </testcase> <!-- testcase6 -->
</testsuite> <!-- webdriver_new.Simple_commands -->
