<?xml version="1.0" encoding="UTF-8"?>
<!-- Generated by org.testng.reporters.JUnitReportReporter -->
<testsuite skipped="0" hostname="DESKTOP-RBRO6UP" name="webdriver_new.class1" tests="1" failures="0" timestamp="30 Apr 2022 15:01:24 GMT" time="11.453" errors="0">
  <testcase name="testcase1" time="11.453" classname="webdriver_new.class1"/>
</testsuite> <!-- webdriver_new.class1 -->
