<?xml version="1.0" encoding="UTF-8"?>
<!-- Generated by org.testng.reporters.JUnitReportReporter -->
<testsuite skipped="2" hostname="DESKTOP-RBRO6UP" name="webdriver_new.playing_with_alerts" tests="3" failures="0" timestamp="30 Apr 2022 15:01:24 GMT" time="11.798" errors="0">
  <testcase name="testcase3" time="11.798" classname="webdriver_new.playing_with_alerts"/>
  <testcase name="testcase1" classname="webdriver_new.playing_with_alerts">
    <skipped/>
  </testcase> <!-- testcase1 -->
  <testcase name="testcase2" classname="webdriver_new.playing_with_alerts">
    <skipped/>
  </testcase> <!-- testcase2 -->
</testsuite> <!-- webdriver_new.playing_with_alerts -->
